#
# A fatal error has been detected by the Java Runtime Environment:
#
#  EXCEPTION_ACCESS_VIOLATION (0xc0000005) at pc=0x000000005e4a9cf8, pid=25912, tid=0x00000000000067d0
#
# JRE version: OpenJDK Runtime Environment (8.0_152-b01) (build 1.8.0_152-release-1343-b01)
# Java VM: OpenJDK 64-Bit Server VM (25.152-b01 mixed mode windows-amd64 compressed oops)
# Problematic frame:
# V  [jvm.dll+0x3c9cf8]
#
# Failed to write core dump. Minidumps are not enabled by default on client versions of Windows
#
# If you would like to submit a bug report, please visit:
#   http://bugreport.java.com/bugreport/crash.jsp
#

---------------  T H R E A D  ---------------

Current thread (0x0000000016696000):  VMThread [stack: 0x0000000018380000,0x0000000018480000] [id=26576]

siginfo: ExceptionCode=0xc0000005, reading address 0xffffffffffffffff

Registers:
RAX=0x00000000129b0000, RBX=0x840f000000000000, RCX=0x0000000000000000, RDX=0x0042077fffb00000
RSP=0x000000001847f2f8, RBP=0x000000001847f389, RSI=0x000000005e8683a0, RDI=0x000000005e699148
R8 =0x0000000000000000, R9 =0x000000005e0e0000, R10=0x0000000000000000, R11=0x00000000057c9640
R12=0x00000000057c93d0, R13=0x0000000000001000, R14=0x000000000000f000, R15=0x0000000000000000
RIP=0x000000005e4a9cf8, EFLAGS=0x0000000000010246

Top of Stack: (sp=0x000000001847f2f8)
0x000000001847f2f8:   000000005e155514 00000000a0f7ea38
0x000000001847f308:   000000005e8683a0 000000005e8683a0
0x000000001847f318:   000000005e688e28 0000000000000000
0x000000001847f328:   00000000057c953a 00000000057c9620
0x000000001847f338:   00000000057c93d0 00000000057c9a1f
0x000000001847f348:   000000005e120060 00000000057c9614
0x000000001847f358:   0000000000000000 00000000057c9620
0x000000001847f368:   00000000057c9620 00000000057ca1c0
0x000000001847f378:   00000000057c9620 00000000057ca1c0
0x000000001847f388:   00000000057ca2a8 000000005e699148
0x000000001847f398:   000000001847f320 0000000000000000
0x000000001847f3a8:   000000005e122f5d 000000005e6f5a90
0x000000001847f3b8:   000000005e14adf9 000000005e868310
0x000000001847f3c8:   000000005e6f5a90 0000000000000000
0x000000001847f3d8:   000000005e868360 000000005e8683a0
0x000000001847f3e8:   000000005e14b2cf 00000000057c93d0 

Instructions: (pc=0x000000005e4a9cf8)
0x000000005e4a9cd8:   0d 2b 70 3b 00 48 c1 ea 03 48 d3 ea 0f b6 c2 48
0x000000005e4a9ce8:   c1 ea 06 24 3f 44 0f b6 c0 48 8b 05 d8 bd 3f 00
0x000000005e4a9cf8:   48 8b 0c d0 4c 0f a3 c1 0f 92 c0 c3 cc cc cc cc
0x000000005e4a9d08:   cc cc cc cc cc cc cc cc 48 89 5c 24 08 57 48 83 


Register to memory mapping:

RAX=0x00000000129b0000 is an unknown value
RBX=0x840f000000000000 is an unknown value
RCX=0x0000000000000000 is an unknown value
RDX=0x0042077fffb00000 is an unknown value
RSP=0x000000001847f2f8 is an unknown value
RBP=0x000000001847f389 is an unknown value
RSI=0x000000005e8683a0 is an unknown value
RDI=0x000000005e699148 is an unknown value
R8 =0x0000000000000000 is an unknown value
R9 =0x000000005e0e0000 is an unknown value
R10=0x0000000000000000 is an unknown value
R11=0x00000000057c9640 is at entry_point+32 in (nmethod*)0x00000000057c93d0
R12=0x00000000057c93d0 is at entry_point+-592 in (nmethod*)0x00000000057c93d0
R13=0x0000000000001000 is an unknown value
R14=0x000000000000f000 is an unknown value
R15=0x0000000000000000 is an unknown value


Stack: [0x0000000018380000,0x0000000018480000],  sp=0x000000001847f2f8,  free space=1020k
Native frames: (J=compiled Java code, j=interpreted, Vv=VM code, C=native code)
V  [jvm.dll+0x3c9cf8]

VM_Operation (0x000000001910ec30): CollectForMetadataAllocation, mode: safepoint, requested by thread 0x0000000018617800


---------------  P R O C E S S  ---------------

Java Threads: ( => current thread )
  0x000000001f6fa000 JavaThread "Cache worker for Build Output Cleanup Cache (C:\Users\han\AndroidStudioProjects\android_project-master\.gradle\buildOutputCleanup)" [_thread_blocked, id=12460, stack(0x0000000037820000,0x0000000037920000)]
  0x000000001f6f5800 JavaThread "pool-33-thread-1" [_thread_blocked, id=22412, stack(0x0000000037720000,0x0000000037820000)]
  0x000000001f6f4000 JavaThread "Build operations Thread 8" [_thread_blocked, id=25052, stack(0x0000000037620000,0x0000000037720000)]
  0x000000001f6f9800 JavaThread "Build operations Thread 7" [_thread_blocked, id=24448, stack(0x0000000037520000,0x0000000037620000)]
  0x000000001fff3000 JavaThread "Build operations Thread 6" [_thread_blocked, id=24932, stack(0x0000000037420000,0x0000000037520000)]
  0x000000001fff1800 JavaThread "Build operations Thread 5" [_thread_blocked, id=12472, stack(0x0000000037320000,0x0000000037420000)]
  0x000000001fff0800 JavaThread "Build operations Thread 4" [_thread_blocked, id=21452, stack(0x0000000037220000,0x0000000037320000)]
  0x000000001fff4800 JavaThread "Build operations Thread 3" [_thread_blocked, id=19784, stack(0x0000000037120000,0x0000000037220000)]
  0x000000001fff0000 JavaThread "Build operations Thread 2" [_thread_blocked, id=13572, stack(0x0000000037020000,0x0000000037120000)]
  0x000000001ffe8800 JavaThread "Build operations" [_thread_blocked, id=21740, stack(0x0000000036f20000,0x0000000037020000)]
  0x000000001ffee800 JavaThread "Cache worker for cache directory md-rule (C:\Users\han\.gradle\caches\5.1.1\md-rule)" [_thread_blocked, id=5824, stack(0x0000000036e20000,0x0000000036f20000)]
  0x000000001ffea000 JavaThread "Cache worker for cache directory md-supplier (C:\Users\han\.gradle\caches\5.1.1\md-supplier)" [_thread_blocked, id=25548, stack(0x0000000036d20000,0x0000000036e20000)]
  0x000000001ffe6800 JavaThread "Cache worker for file hash cache (C:\Users\han\AndroidStudioProjects\android_project-master\.gradle\5.1.1\fileHashes)" [_thread_blocked, id=22580, stack(0x0000000036c20000,0x0000000036d20000)]
  0x000000001ffed800 JavaThread "Thread-155" [_thread_blocked, id=23172, stack(0x0000000036b20000,0x0000000036c20000)]
  0x000000001ffe6000 JavaThread "Stdin handler" [_thread_blocked, id=12184, stack(0x0000000036a20000,0x0000000036b20000)]
  0x000000001ffeb800 JavaThread "Asynchronous log dispatcher for DefaultDaemonConnection: socket connection from /127.0.0.1:62015 to /127.0.0.1:62739" [_thread_blocked, id=852, stack(0x0000000036920000,0x0000000036a20000)]
  0x000000001ffe9000 JavaThread "Daemon worker Thread 6" [_thread_blocked, id=1452, stack(0x0000000036820000,0x0000000036920000)]
  0x000000001ffea800 JavaThread "Cancel handler" [_thread_blocked, id=17424, stack(0x0000000036720000,0x0000000036820000)]
  0x000000001ffed000 JavaThread "Handler for socket connection from /127.0.0.1:62015 to /127.0.0.1:62739" [_thread_in_native, id=3520, stack(0x0000000036620000,0x0000000036720000)]
  0x000000001ffe7800 JavaThread "Daemon Thread 6" [_thread_blocked, id=23820, stack(0x0000000036520000,0x0000000036620000)]
  0x000000001fbd9000 JavaThread "Cache worker for Java compile cache (C:\Users\han\.gradle\caches\5.1.1\javaCompile)" [_thread_blocked, id=4916, stack(0x00000000253f0000,0x00000000254f0000)]
  0x000000001fff2000 JavaThread "Cache worker for file content cache (C:\Users\han\.gradle\caches\5.1.1\fileContent)" [_thread_blocked, id=14764, stack(0x00000000245f0000,0x00000000246f0000)]
  0x000000001ffef000 JavaThread "Memory manager" [_thread_blocked, id=16444, stack(0x00000000244f0000,0x00000000245f0000)]
  0x000000001ffe5000 JavaThread "Cache worker for execution history cache (C:\Users\han\.gradle\caches\5.1.1\executionHistory)" [_thread_blocked, id=260, stack(0x0000000021f20000,0x0000000022020000)]
  0x000000001a712000 JavaThread "Cache worker for journal cache (C:\Users\han\.gradle\caches\journal-1)" [_thread_blocked, id=11700, stack(0x000000001bbc0000,0x000000001bcc0000)]
  0x000000001a716800 JavaThread "File lock request listener" [_thread_in_native, id=13144, stack(0x000000001bac0000,0x000000001bbc0000)]
  0x000000001a4b1800 JavaThread "Cache worker for file hash cache (C:\Users\han\.gradle\caches\5.1.1\fileHashes)" [_thread_blocked, id=16304, stack(0x000000001b9c0000,0x000000001bac0000)]
  0x000000001a67c000 JavaThread "Daemon periodic checks" [_thread_blocked, id=2104, stack(0x000000001aec0000,0x000000001afc0000)]
  0x000000001a679800 JavaThread "Incoming local TCP Connector on port 62015" [_thread_in_native, id=3432, stack(0x000000001ace0000,0x000000001ade0000)]
  0x0000000018628800 JavaThread "Service Thread" daemon [_thread_blocked, id=18828, stack(0x0000000019110000,0x0000000019210000)]
  0x0000000018617800 JavaThread "C1 CompilerThread3" daemon [_thread_blocked, id=25028, stack(0x0000000019010000,0x0000000019110000)]
  0x0000000018613800 JavaThread "C2 CompilerThread2" daemon [_thread_blocked, id=20096, stack(0x0000000018f10000,0x0000000019010000)]
  0x00000000166ad000 JavaThread "C2 CompilerThread1" daemon [_thread_blocked, id=1620, stack(0x0000000018e10000,0x0000000018f10000)]
  0x00000000166aa800 JavaThread "C2 CompilerThread0" daemon [_thread_blocked, id=21304, stack(0x0000000018d10000,0x0000000018e10000)]
  0x0000000018610800 JavaThread "Attach Listener" daemon [_thread_blocked, id=20876, stack(0x0000000018c10000,0x0000000018d10000)]
  0x00000000185bd000 JavaThread "Signal Dispatcher" daemon [_thread_blocked, id=12992, stack(0x0000000018b10000,0x0000000018c10000)]
  0x00000000028de000 JavaThread "Finalizer" daemon [_thread_blocked, id=12436, stack(0x0000000018980000,0x0000000018a80000)]
  0x00000000028d5000 JavaThread "Reference Handler" daemon [_thread_blocked, id=20280, stack(0x0000000018480000,0x0000000018580000)]
  0x0000000000a7e000 JavaThread "main" [_thread_blocked, id=4052, stack(0x00000000026e0000,0x00000000027e0000)]

Other Threads:
=>0x0000000016696000 VMThread [stack: 0x0000000018380000,0x0000000018480000] [id=26576]
  0x00000000186a4800 WatcherThread [stack: 0x0000000019210000,0x0000000019310000] [id=6164]

VM state:at safepoint (normal execution)

VM Mutex/Monitor currently owned by a thread:  ([mutex/lock_event])
[0x0000000000a7d530] Threads_lock - owner thread: 0x0000000016696000
[0x0000000000a7d430] Heap_lock - owner thread: 0x0000000018617800
[0x00000000027e0e50] MethodData_lock - owner thread: 0x0000000018617800

Heap:
 PSYoungGen      total 159232K, used 6976K [0x00000000e0000000, 0x00000000eb600000, 0x0000000100000000)
  eden space 140288K, 0% used [0x00000000e0000000,0x00000000e0000000,0x00000000e8900000)
  from space 18944K, 36% used [0x00000000ea380000,0x00000000eaa50090,0x00000000eb600000)
  to   space 23040K, 0% used [0x00000000e8900000,0x00000000e8900000,0x00000000e9f80000)
 ParOldGen       total 130048K, used 60169K [0x00000000a0000000, 0x00000000a7f00000, 0x00000000e0000000)
  object space 130048K, 46% used [0x00000000a0000000,0x00000000a3ac25e8,0x00000000a7f00000)
 Metaspace       used 94315K, capacity 98476K, committed 98584K, reserved 1134592K
  class space    used 11938K, capacity 12723K, committed 12824K, reserved 1048576K

Card table byte_map: [0x0000000011ca0000,0x0000000011fb0000] byte_map_base: 0x00000000117a0000

Marking Bits: (ParMarkBitMap*) 0x000000005e8a5aa0
 Begin Bits: [0x00000000129b0000, 0x00000000141b0000)
 End Bits:   [0x00000000141b0000, 0x00000000159b0000)

Polling page: 0x0000000000540000

CodeCache: size=245760Kb used=54457Kb max_used=54894Kb free=191302Kb
 bounds [0x00000000028e0000, 0x0000000005ed0000, 0x00000000118e0000]
 total_blobs=17241 nmethods=16350 adapters=801
 compilation: enabled

Compilation events (10 events):
Event: 5745.126 Thread 0x0000000018617800 nmethod 20424 0x0000000002c744d0 code [0x0000000002c74640, 0x0000000002c74ad8]
Event: 5745.126 Thread 0x0000000018617800 20427       3       org.gradle.api.internal.artifacts.transform.DefaultVariantTransformRegistry$RecordingRegistration_Decorated::getFrom (37 bytes)
Event: 5745.126 Thread 0x00000000166aa800 nmethod 20426 0x0000000004558fd0 code [0x0000000004559100, 0x0000000004559198]
Event: 5745.127 Thread 0x0000000018617800 nmethod 20427 0x000000000461ce50 code [0x000000000461d020, 0x000000000461d768]
Event: 5745.127 Thread 0x0000000018617800 20429       3       com.android.build.gradle.internal.core.VariantConfiguration::getDirName (154 bytes)
Event: 5745.127 Thread 0x00000000166aa800 20432       4       com.google.common.collect.Sets::newHashSet (8 bytes)
Event: 5745.129 Thread 0x0000000018617800 nmethod 20429 0x0000000004ea79d0 code [0x0000000004ea7ce0, 0x0000000004ea9578]
Event: 5745.129 Thread 0x0000000018617800 20431       1       com.android.builder.internal.BaseConfigImpl::getMultiDexEnabled (5 bytes)
Event: 5745.129 Thread 0x0000000018617800 nmethod 20431 0x0000000002c74210 code [0x0000000002c74360, 0x0000000002c74470]
Event: 5745.129 Thread 0x0000000018617800 20434       3       org.gradle.api.internal.DefaultNamedDomainObjectCollection::findByNameLaterWithoutRules (11 bytes)

GC Heap History (10 events):
Event: 3195.755 GC heap after
Heap after GC invocations=21 (full 3):
 PSYoungGen      total 177664K, used 13761K [0x00000000e0000000, 0x00000000ecc80000, 0x0000000100000000)
  eden space 158208K, 0% used [0x00000000e0000000,0x00000000e0000000,0x00000000e9a80000)
  from space 19456K, 70% used [0x00000000eb980000,0x00000000ec6f0520,0x00000000ecc80000)
  to   space 25600K, 0% used [0x00000000e9a80000,0x00000000e9a80000,0x00000000eb380000)
 ParOldGen       total 130048K, used 60129K [0x00000000a0000000, 0x00000000a7f00000, 0x00000000e0000000)
  object space 130048K, 46% used [0x00000000a0000000,0x00000000a3ab85e8,0x00000000a7f00000)
 Metaspace       used 92823K, capacity 96790K, committed 96920K, reserved 1134592K
  class space    used 11888K, capacity 12636K, committed 12696K, reserved 1048576K
}
Event: 5494.065 GC heap before
{Heap before GC invocations=22 (full 3):
 PSYoungGen      total 177664K, used 171969K [0x00000000e0000000, 0x00000000ecc80000, 0x0000000100000000)
  eden space 158208K, 100% used [0x00000000e0000000,0x00000000e9a80000,0x00000000e9a80000)
  from space 19456K, 70% used [0x00000000eb980000,0x00000000ec6f0520,0x00000000ecc80000)
  to   space 25600K, 0% used [0x00000000e9a80000,0x00000000e9a80000,0x00000000eb380000)
 ParOldGen       total 130048K, used 60129K [0x00000000a0000000, 0x00000000a7f00000, 0x00000000e0000000)
  object space 130048K, 46% used [0x00000000a0000000,0x00000000a3ab85e8,0x00000000a7f00000)
 Metaspace       used 93316K, capacity 97262K, committed 97432K, reserved 1134592K
  class space    used 11896K, capacity 12648K, committed 12696K, reserved 1048576K
Event: 5494.117 GC heap after
Heap after GC invocations=22 (full 3):
 PSYoungGen      total 162816K, used 8856K [0x00000000e0000000, 0x00000000ec700000, 0x0000000100000000)
  eden space 153600K, 0% used [0x00000000e0000000,0x00000000e0000000,0x00000000e9600000)
  from space 9216K, 96% used [0x00000000e9a80000,0x00000000ea326128,0x00000000ea380000)
  to   space 25088K, 0% used [0x00000000eae80000,0x00000000eae80000,0x00000000ec700000)
 ParOldGen       total 130048K, used 60145K [0x00000000a0000000, 0x00000000a7f00000, 0x00000000e0000000)
  object space 130048K, 46% used [0x00000000a0000000,0x00000000a3abc5e8,0x00000000a7f00000)
 Metaspace       used 93316K, capacity 97262K, committed 97432K, reserved 1134592K
  class space    used 11896K, capacity 12648K, committed 12696K, reserved 1048576K
}
Event: 5498.406 GC heap before
{Heap before GC invocations=23 (full 3):
 PSYoungGen      total 162816K, used 162456K [0x00000000e0000000, 0x00000000ec700000, 0x0000000100000000)
  eden space 153600K, 100% used [0x00000000e0000000,0x00000000e9600000,0x00000000e9600000)
  from space 9216K, 96% used [0x00000000e9a80000,0x00000000ea326128,0x00000000ea380000)
  to   space 25088K, 0% used [0x00000000eae80000,0x00000000eae80000,0x00000000ec700000)
 ParOldGen       total 130048K, used 60145K [0x00000000a0000000, 0x00000000a7f00000, 0x00000000e0000000)
  object space 130048K, 46% used [0x00000000a0000000,0x00000000a3abc5e8,0x00000000a7f00000)
 Metaspace       used 93543K, capacity 97522K, committed 97688K, reserved 1134592K
  class space    used 11897K, capacity 12648K, committed 12696K, reserved 1048576K
Event: 5498.432 GC heap after
Heap after GC invocations=23 (full 3):
 PSYoungGen      total 167424K, used 13681K [0x00000000e0000000, 0x00000000ec080000, 0x0000000100000000)
  eden space 148992K, 0% used [0x00000000e0000000,0x00000000e0000000,0x00000000e9180000)
  from space 18432K, 74% used [0x00000000eae80000,0x00000000ebbdc580,0x00000000ec080000)
  to   space 24064K, 0% used [0x00000000e9180000,0x00000000e9180000,0x00000000ea900000)
 ParOldGen       total 130048K, used 60153K [0x00000000a0000000, 0x00000000a7f00000, 0x00000000e0000000)
  object space 130048K, 46% used [0x00000000a0000000,0x00000000a3abe5e8,0x00000000a7f00000)
 Metaspace       used 93543K, capacity 97522K, committed 97688K, reserved 1134592K
  class space    used 11897K, capacity 12648K, committed 12696K, reserved 1048576K
}
Event: 5500.209 GC heap before
{Heap before GC invocations=24 (full 3):
 PSYoungGen      total 167424K, used 162624K [0x00000000e0000000, 0x00000000ec080000, 0x0000000100000000)
  eden space 148992K, 99% used [0x00000000e0000000,0x00000000e9173cc0,0x00000000e9180000)
  from space 18432K, 74% used [0x00000000eae80000,0x00000000ebbdc580,0x00000000ec080000)
  to   space 24064K, 0% used [0x00000000e9180000,0x00000000e9180000,0x00000000ea900000)
 ParOldGen       total 130048K, used 60153K [0x00000000a0000000, 0x00000000a7f00000, 0x00000000e0000000)
  object space 130048K, 46% used [0x00000000a0000000,0x00000000a3abe5e8,0x00000000a7f00000)
 Metaspace       used 93900K, capacity 97892K, committed 97944K, reserved 1134592K
  class space    used 11898K, capacity 12649K, committed 12696K, reserved 1048576K
Event: 5500.222 GC heap after
Heap after GC invocations=24 (full 3):
 PSYoungGen      total 156160K, used 11383K [0x00000000e0000000, 0x00000000eba00000, 0x0000000100000000)
  eden space 144384K, 0% used [0x00000000e0000000,0x00000000e0000000,0x00000000e8d00000)
  from space 11776K, 96% used [0x00000000e9180000,0x00000000e9c9dde0,0x00000000e9d00000)
  to   space 23040K, 0% used [0x00000000ea380000,0x00000000ea380000,0x00000000eba00000)
 ParOldGen       total 130048K, used 60161K [0x00000000a0000000, 0x00000000a7f00000, 0x00000000e0000000)
  object space 130048K, 46% used [0x00000000a0000000,0x00000000a3ac05e8,0x00000000a7f00000)
 Metaspace       used 93900K, capacity 97892K, committed 97944K, reserved 1134592K
  class space    used 11898K, capacity 12649K, committed 12696K, reserved 1048576K
}
Event: 5745.130 GC heap before
{Heap before GC invocations=25 (full 3):
 PSYoungGen      total 156160K, used 69124K [0x00000000e0000000, 0x00000000eba00000, 0x0000000100000000)
  eden space 144384K, 39% used [0x00000000e0000000,0x00000000e38634d8,0x00000000e8d00000)
  from space 11776K, 96% used [0x00000000e9180000,0x00000000e9c9dde0,0x00000000e9d00000)
  to   space 23040K, 0% used [0x00000000ea380000,0x00000000ea380000,0x00000000eba00000)
 ParOldGen       total 130048K, used 60161K [0x00000000a0000000, 0x00000000a7f00000, 0x00000000e0000000)
  object space 130048K, 46% used [0x00000000a0000000,0x00000000a3ac05e8,0x00000000a7f00000)
 Metaspace       used 94315K, capacity 98476K, committed 98584K, reserved 1134592K
  class space    used 11938K, capacity 12723K, committed 12824K, reserved 1048576K
Event: 5745.146 GC heap after
Heap after GC invocations=25 (full 3):
 PSYoungGen      total 159232K, used 6976K [0x00000000e0000000, 0x00000000eb600000, 0x0000000100000000)
  eden space 140288K, 0% used [0x00000000e0000000,0x00000000e0000000,0x00000000e8900000)
  from space 18944K, 36% used [0x00000000ea380000,0x00000000eaa50090,0x00000000eb600000)
  to   space 23040K, 0% used [0x00000000e8900000,0x00000000e8900000,0x00000000e9f80000)
 ParOldGen       total 130048K, used 60169K [0x00000000a0000000, 0x00000000a7f00000, 0x00000000e0000000)
  object space 130048K, 46% used [0x00000000a0000000,0x00000000a3ac25e8,0x00000000a7f00000)
 Metaspace       used 94315K, capacity 98476K, committed 98584K, reserved 1134592K
  class space    used 11938K, capacity 12723K, committed 12824K, reserved 1048576K
}
Event: 5745.147 GC heap before
{Heap before GC invocations=26 (full 4):
 PSYoungGen      total 159232K, used 6976K [0x00000000e0000000, 0x00000000eb600000, 0x0000000100000000)
  eden space 140288K, 0% used [0x00000000e0000000,0x00000000e0000000,0x00000000e8900000)
  from space 18944K, 36% used [0x00000000ea380000,0x00000000eaa50090,0x00000000eb600000)
  to   space 23040K, 0% used [0x00000000e8900000,0x00000000e8900000,0x00000000e9f80000)
 ParOldGen       total 130048K, used 60169K [0x00000000a0000000, 0x00000000a7f00000, 0x00000000e0000000)
  object space 130048K, 46% used [0x00000000a0000000,0x00000000a3ac25e8,0x00000000a7f00000)
 Metaspace       used 94315K, capacity 98476K, committed 98584K, reserved 1134592K
  class space    used 11938K, capacity 12723K, committed 12824K, reserved 1048576K

Deoptimization events (10 events):
Event: 5499.812 Thread 0x000000001f702000 Uncommon trap: reason=array_check action=maybe_recompile pc=0x0000000005556b0c method=java.util.TimSort.mergeHi(IIII)V @ 101
Event: 5499.818 Thread 0x000000001f702000 Uncommon trap: reason=unstable_if action=reinterpret pc=0x0000000002b5bf2c method=java.util.TimSort.mergeLo(IIII)V @ 499
Event: 5499.952 Thread 0x000000001f6fc800 Uncommon trap: reason=array_check action=maybe_recompile pc=0x0000000002c749e0 method=com.google.common.collect.RegularImmutableMap.fromEntryArray(I[Ljava/util/Map$Entry;)Lcom/google/common/collect/ImmutableMap; @ 157
Event: 5500.085 Thread 0x000000001fbd8000 Uncommon trap: reason=unstable_if action=reinterpret pc=0x0000000004c1f210 method=java.util.concurrent.ForkJoinPool.helpStealer(Ljava/util/concurrent/ForkJoinPool$WorkQueue;Ljava/util/concurrent/ForkJoinTask;)V @ 149
Event: 5500.137 Thread 0x000000001ffed000 Uncommon trap: reason=unstable_if action=reinterpret pc=0x0000000005689fb0 method=java.util.TimSort.countRunAndMakeAscending([Ljava/lang/Object;IILjava/util/Comparator;)I @ 27
Event: 5500.177 Thread 0x000000001ffeb800 Uncommon trap: reason=array_check action=maybe_recompile pc=0x0000000004e82c54 method=java.util.TimSort.mergeHi(IIII)V @ 171
Event: 5500.177 Thread 0x000000001ffeb800 Uncommon trap: reason=predicate action=maybe_recompile pc=0x0000000003a51180 method=java.util.TimSort.mergeLo(IIII)V @ 153
Event: 5500.186 Thread 0x000000001ffe7800 Uncommon trap: reason=unstable_if action=reinterpret pc=0x00000000034a800c method=java.util.concurrent.locks.ReentrantLock$Sync.nonfairTryAcquire(I)Z @ 19
Event: 5500.227 Thread 0x000000001f6fc800 Uncommon trap: reason=array_check action=maybe_recompile pc=0x0000000002c749e0 method=com.google.common.collect.RegularImmutableMap.fromEntryArray(I[Ljava/util/Map$Entry;)Lcom/google/common/collect/ImmutableMap; @ 157
Event: 5500.251 Thread 0x000000001f6fc800 Uncommon trap: reason=array_check action=maybe_recompile pc=0x0000000002c749e0 method=com.google.common.collect.RegularImmutableMap.fromEntryArray(I[Ljava/util/Map$Entry;)Lcom/google/common/collect/ImmutableMap; @ 157

Classes redefined (0 events):
No events

Internal exceptions (10 events):
Event: 5500.153 Thread 0x000000001ffeb800 Exception <a 'sun/nio/fs/WindowsException'> (0x00000000e8e04390) thrown at [D:\src\AOSP-openjdk-cygwin\jdk8u\hotspot\src\share\vm\prims\jni.cpp, line 709]
Event: 5500.158 Thread 0x000000001ffeb800 Exception <a 'sun/nio/fs/WindowsException'> (0x00000000e8ed1578) thrown at [D:\src\AOSP-openjdk-cygwin\jdk8u\hotspot\src\share\vm\prims\jni.cpp, line 709]
Event: 5500.182 Thread 0x000000001ffeb800 Exception <a 'sun/nio/fs/WindowsException'> (0x00000000e91059f0) thrown at [D:\src\AOSP-openjdk-cygwin\jdk8u\hotspot\src\share\vm\prims\jni.cpp, line 709]
Event: 5500.599 Thread 0x0000000026a65800 Exception <a 'java/lang/NoSuchMethodError': <clinit>> (0x00000000e270c5b0) thrown at [D:\src\AOSP-openjdk-cygwin\jdk8u\hotspot\src\share\vm\prims\jni.cpp, line 1613]
Event: 5500.600 Thread 0x0000000026a65800 Exception <a 'java/lang/NoSuchMethodError': <clinit>> (0x00000000e2717b08) thrown at [D:\src\AOSP-openjdk-cygwin\jdk8u\hotspot\src\share\vm\prims\jni.cpp, line 1613]
Event: 5500.600 Thread 0x0000000026a65800 Exception <a 'java/lang/NoSuchMethodError': <clinit>> (0x00000000e271f390) thrown at [D:\src\AOSP-openjdk-cygwin\jdk8u\hotspot\src\share\vm\prims\jni.cpp, line 1613]
Event: 5500.602 Thread 0x0000000026a65800 Exception <a 'java/lang/NoSuchMethodError': <clinit>> (0x00000000e2738ad8) thrown at [D:\src\AOSP-openjdk-cygwin\jdk8u\hotspot\src\share\vm\prims\jni.cpp, line 1613]
Event: 5500.603 Thread 0x0000000026a65800 Exception <a 'java/lang/NoSuchMethodError': <clinit>> (0x00000000e2749380) thrown at [D:\src\AOSP-openjdk-cygwin\jdk8u\hotspot\src\share\vm\prims\jni.cpp, line 1613]
Event: 5745.080 Thread 0x000000001ffe9000 Exception <a 'sun/nio/fs/WindowsException'> (0x00000000e3451e30) thrown at [D:\src\AOSP-openjdk-cygwin\jdk8u\hotspot\src\share\vm\prims\jni.cpp, line 709]
Event: 5745.085 Thread 0x000000001ffe9000 Exception <a 'sun/nio/fs/WindowsException'> (0x00000000e3477ab0) thrown at [D:\src\AOSP-openjdk-cygwin\jdk8u\hotspot\src\share\vm\prims\jni.cpp, line 709]

Events (10 events):
Event: 5745.034 Thread 0x000000001fff3000 Thread added: 0x000000001fff3000
Event: 5745.034 Thread 0x000000001f6f9800 Thread added: 0x000000001f6f9800
Event: 5745.034 Thread 0x000000001f6f4000 Thread added: 0x000000001f6f4000
Event: 5745.034 Executing VM operation: RevokeBias
Event: 5745.034 Executing VM operation: RevokeBias done
Event: 5745.083 Thread 0x000000001f6f5800 Thread added: 0x000000001f6f5800
Event: 5745.088 Thread 0x000000001f6fa000 Thread added: 0x000000001f6fa000
Event: 5745.106 Executing VM operation: BulkRevokeBias
Event: 5745.107 Executing VM operation: BulkRevokeBias done
Event: 5745.129 Executing VM operation: CollectForMetadataAllocation


Dynamic libraries:
0x00007ff7f99f0000 - 0x00007ff7f9a21000 	C:\Program Files\Android\Android Studio\jre\bin\java.exe
0x00007fff924f0000 - 0x00007fff926d1000 	C:\WINDOWS\SYSTEM32\ntdll.dll
0x00007fff8ff30000 - 0x00007fff8ffe1000 	C:\WINDOWS\System32\KERNEL32.DLL
0x00007fff8f700000 - 0x00007fff8f973000 	C:\WINDOWS\System32\KERNELBASE.dll
0x00007fff90410000 - 0x00007fff904b1000 	C:\WINDOWS\System32\ADVAPI32.dll
0x00007fff8fe90000 - 0x00007fff8ff2e000 	C:\WINDOWS\System32\msvcrt.dll
0x00007fff902f0000 - 0x00007fff9034b000 	C:\WINDOWS\System32\sechost.dll
0x00007fff901c0000 - 0x00007fff902e4000 	C:\WINDOWS\System32\RPCRT4.dll
0x00007fff8f9d0000 - 0x00007fff8fb60000 	C:\WINDOWS\System32\USER32.dll
0x00007fff8f590000 - 0x00007fff8f5b0000 	C:\WINDOWS\System32\win32u.dll
0x00007fff8f990000 - 0x00007fff8f9b8000 	C:\WINDOWS\System32\GDI32.dll
0x00007fff8f390000 - 0x00007fff8f521000 	C:\WINDOWS\System32\gdi32full.dll
0x00007fff8f5b0000 - 0x00007fff8f64f000 	C:\WINDOWS\System32\msvcp_win.dll
0x00007fff8f290000 - 0x00007fff8f388000 	C:\WINDOWS\System32\ucrtbase.dll
0x00007fff75cf0000 - 0x00007fff75f59000 	C:\WINDOWS\WinSxS\amd64_microsoft.windows.common-controls_6595b64144ccf1df_6.0.17134.885_none_fb42a3473065565f\COMCTL32.dll
0x00007fff8fb60000 - 0x00007fff8fe82000 	C:\WINDOWS\System32\combase.dll
0x00007fff8f210000 - 0x00007fff8f289000 	C:\WINDOWS\System32\bcryptPrimitives.dll
0x00007fff90350000 - 0x00007fff9037d000 	C:\WINDOWS\System32\IMM32.DLL
0x000000005e000000 - 0x000000005e0d2000 	C:\Program Files\Android\Android Studio\jre\jre\bin\msvcr100.dll
0x000000005e0e0000 - 0x000000005e921000 	C:\Program Files\Android\Android Studio\jre\jre\bin\server\jvm.dll
0x00007fff8f9c0000 - 0x00007fff8f9c8000 	C:\WINDOWS\System32\PSAPI.DLL
0x00007fff83f90000 - 0x00007fff83fb3000 	C:\WINDOWS\SYSTEM32\WINMM.dll
0x00007fff838b0000 - 0x00007fff838b9000 	C:\WINDOWS\SYSTEM32\WSOCK32.dll
0x00007fff8fff0000 - 0x00007fff9005c000 	C:\WINDOWS\System32\WS2_32.dll
0x00007fff83710000 - 0x00007fff8371a000 	C:\WINDOWS\SYSTEM32\VERSION.dll
0x00007fff83f60000 - 0x00007fff83f8a000 	C:\WINDOWS\SYSTEM32\WINMMBASE.dll
0x00007fff8f1c0000 - 0x00007fff8f209000 	C:\WINDOWS\System32\cfgmgr32.dll
0x00007fff85740000 - 0x00007fff8574f000 	C:\Program Files\Android\Android Studio\jre\jre\bin\verify.dll
0x00007fff66970000 - 0x00007fff66999000 	C:\Program Files\Android\Android Studio\jre\jre\bin\java.dll
0x00007fff6afe0000 - 0x00007fff6aff6000 	C:\Program Files\Android\Android Studio\jre\jre\bin\zip.dll
0x00007fff904c0000 - 0x00007fff91900000 	C:\WINDOWS\System32\SHELL32.dll
0x00007fff91fa0000 - 0x00007fff92049000 	C:\WINDOWS\System32\shcore.dll
0x00007fff8eab0000 - 0x00007fff8f1bd000 	C:\WINDOWS\System32\windows.storage.dll
0x00007fff92270000 - 0x00007fff922c1000 	C:\WINDOWS\System32\shlwapi.dll
0x00007fff8e830000 - 0x00007fff8e841000 	C:\WINDOWS\System32\kernel.appcore.dll
0x00007fff8e8a0000 - 0x00007fff8e8bf000 	C:\WINDOWS\System32\profapi.dll
0x00007fff8e850000 - 0x00007fff8e89c000 	C:\WINDOWS\System32\powrprof.dll
0x00007fff8e800000 - 0x00007fff8e80a000 	C:\WINDOWS\System32\FLTLIB.DLL
0x00007fff6a730000 - 0x00007fff6a74a000 	C:\Program Files\Android\Android Studio\jre\jre\bin\net.dll
0x00007fff8e020000 - 0x00007fff8e086000 	C:\WINDOWS\system32\mswsock.dll
0x00007fff69820000 - 0x00007fff69831000 	C:\Program Files\Android\Android Studio\jre\jre\bin\nio.dll
0x00007fff67e90000 - 0x00007fff67eae000 	C:\Users\han\.gradle\native\25\windows-amd64\native-platform.dll
0x00007fff7fff0000 - 0x00007fff7fffd000 	C:\Program Files\Android\Android Studio\jre\jre\bin\management.dll
0x00007fff8e1d0000 - 0x00007fff8e1e7000 	C:\WINDOWS\SYSTEM32\CRYPTSP.dll
0x00007fff8dc10000 - 0x00007fff8dc43000 	C:\WINDOWS\system32\rsaenh.dll
0x00007fff8e300000 - 0x00007fff8e325000 	C:\WINDOWS\SYSTEM32\bcrypt.dll
0x00007fff8e700000 - 0x00007fff8e728000 	C:\WINDOWS\SYSTEM32\USERENV.dll
0x00007fff8e1f0000 - 0x00007fff8e1fb000 	C:\WINDOWS\SYSTEM32\CRYPTBASE.dll
0x00007fff8ddb0000 - 0x00007fff8dde8000 	C:\WINDOWS\SYSTEM32\IPHLPAPI.DLL
0x00007fff8f980000 - 0x00007fff8f988000 	C:\WINDOWS\System32\NSI.dll
0x00007fff889c0000 - 0x00007fff889d6000 	C:\WINDOWS\SYSTEM32\dhcpcsvc6.DLL
0x00007fff888a0000 - 0x00007fff888ba000 	C:\WINDOWS\SYSTEM32\dhcpcsvc.DLL
0x00007fff8d210000 - 0x00007fff8d3d9000 	C:\WINDOWS\SYSTEM32\dbghelp.dll

VM Arguments:
jvm_args: -Xmx1536m -Dfile.encoding=x-windows-949 -Duser.country=KR -Duser.language=ko -Duser.variant 
java_command: org.gradle.launcher.daemon.bootstrap.GradleDaemon 5.1.1
java_class_path (initial): C:\Users\han\.gradle\wrapper\dists\gradle-5.1.1-all\97z1ksx6lirer3kbvdnh7jtjg\gradle-5.1.1\lib\gradle-launcher-5.1.1.jar
Launcher Type: SUN_STANDARD

Environment Variables:
JAVA_HOME=C:\Program Files\Java\jdk1.8.0_181\bin
CLASSPATH=C:\Users\han\Documents\NetBeansProjects\JDBC_Source\ojdbc6.jar
PATH=C:\WINDOWS\system64;C:\WINDOWS;C:\WINDOWS\System64\Wbem;C:\Program Files\Git\cmd;C:\Users\han\AppData\Local\Programs\Python\Python37-32\Scripts\;C:\Users\han\AppData\Local\Programs\Python\Python37-32\;C:\Users\han\Anaconda3;C:\Users\han\Anaconda3\Library\mingw-w64\bin;C:\Users\han\Anaconda3\Library\usr\bin;C:\Users\han\Anaconda3\Library\bin;C:\Users\han\Anaconda3\Scripts;C:\Users\han\AppData\Local\Microsoft\WindowsApps;C:\Program Files\Bandizip\;C:\Users\han\AppData\Local\Programs\Microsoft VS Code\bin;C:\Users\han\AppData\Roaming\npm;C:\Program Files\nodejs;C:\Program Files\Java\jdk1.8.0_181\bin;c:\windows\system32
USERNAME=han
OS=Windows_NT
PROCESSOR_IDENTIFIER=Intel64 Family 6 Model 142 Stepping 10, GenuineIntel



---------------  S Y S T E M  ---------------

OS: Windows 10.0 , 64 bit Build 17134 (10.0.17134.753)

CPU:total 8 (initial active 8) (4 cores per cpu, 2 threads per core) family 6 model 142 stepping 10, cmov, cx8, fxsr, mmx, sse, sse2, sse3, ssse3, sse4.1, sse4.2, popcnt, avx, avx2, aes, clmul, erms, 3dnowpref, lzcnt, ht, tsc, tscinvbit, bmi1, bmi2, adx

Memory: 4k page, physical 8253268k(1539772k free), swap 12316500k(1685344k free)

vm_info: OpenJDK 64-Bit Server VM (25.152-b01) for windows-amd64 JRE (1.8.0_152-release-1343-b01), built by "builder" with MS VC++ 10.0 (VS2010)

time: Wed Jul 24 10:37:45 2019
elapsed time: 5745 seconds (0d 1h 35m 45s)

